<?xml version="1.0" encoding="UTF-8"?>
<testng-results ignored="0" total="4" passed="4" failed="0" skipped="0">
  <reporter-output>
  </reporter-output>
  <suite started-at="2025-06-07T19:46:33 IST" name="Default suite" finished-at="2025-06-07T19:46:48 IST" duration-ms="15018">
    <groups>
    </groups>
    <test started-at="2025-06-07T19:46:33 IST" name="Default test" finished-at="2025-06-07T19:46:48 IST" duration-ms="15018">
      <class name="Tests.AdminTest">
        <test-method is-config="true" signature="setUp()[pri:0, instance:Tests.AdminTest@41a2befb]" started-at="2025-06-07T19:46:33 IST" name="setUp" finished-at="2025-06-07T19:46:39 IST" duration-ms="6110" status="PASS">
          <reporter-output>
          </reporter-output>
        </test-method> <!-- setUp -->
        <test-method signature="testLeftMenuOptionsCount()[pri:1, instance:Tests.AdminTest@41a2befb]" started-at="2025-06-07T19:46:40 IST" name="testLeftMenuOptionsCount" finished-at="2025-06-07T19:46:44 IST" duration-ms="4144" status="PASS">
          <reporter-output>
          </reporter-output>
        </test-method> <!-- testLeftMenuOptionsCount -->
        <test-method signature="testSearchByUsername()[pri:2, instance:Tests.AdminTest@41a2befb]" started-at="2025-06-07T19:46:44 IST" name="testSearchByUsername" finished-at="2025-06-07T19:46:44 IST" duration-ms="383" status="PASS">
          <reporter-output>
          </reporter-output>
        </test-method> <!-- testSearchByUsername -->
        <test-method signature="testSearchByUserRole()[pri:3, instance:Tests.AdminTest@41a2befb]" started-at="2025-06-07T19:46:44 IST" name="testSearchByUserRole" finished-at="2025-06-07T19:46:45 IST" duration-ms="962" status="PASS">
          <reporter-output>
          </reporter-output>
        </test-method> <!-- testSearchByUserRole -->
        <test-method signature="testSearchByStatus()[pri:4, instance:Tests.AdminTest@41a2befb]" started-at="2025-06-07T19:46:45 IST" name="testSearchByStatus" finished-at="2025-06-07T19:46:46 IST" duration-ms="955" status="PASS">
          <reporter-output>
          </reporter-output>
        </test-method> <!-- testSearchByStatus -->
        <test-method is-config="true" signature="tearDown()[pri:0, instance:Tests.AdminTest@41a2befb]" started-at="2025-06-07T19:46:46 IST" name="tearDown" finished-at="2025-06-07T19:46:48 IST" duration-ms="2399" status="PASS">
          <reporter-output>
          </reporter-output>
        </test-method> <!-- tearDown -->
      </class> <!-- Tests.AdminTest -->
    </test> <!-- Default test -->
  </suite> <!-- Default suite -->
</testng-results>
